<?xml version="1.0" encoding="UTF-8"?>
<testng-results skipped="0" failed="0" ignored="0" total="2" passed="2">
  <reporter-output>
  </reporter-output>
  <suite name="Docker Maven Test" duration-ms="25094" started-at="2022-03-17T11:56:29 IST" finished-at="2022-03-17T11:56:54 IST">
    <groups>
    </groups>
    <test name="Docker Maven Test: " duration-ms="25094" started-at="2022-03-17T11:56:29 IST" finished-at="2022-03-17T11:56:54 IST">
      <class name="demoProject.LoginTest">
        <test-method status="PASS" signature="setUp()[pri:0, instance:demoProject.LoginTest@a7e666]" name="setUp" is-config="true" duration-ms="12501" started-at="2022-03-17T11:56:29 IST" finished-at="2022-03-17T11:56:41 IST">
          <reporter-output>
          </reporter-output>
        </test-method> <!-- setUp -->
        <test-method status="PASS" signature="loginPageTitleTest()[pri:1, instance:demoProject.LoginTest@a7e666]" name="loginPageTitleTest" duration-ms="33" started-at="2022-03-17T11:56:41 IST" finished-at="2022-03-17T11:56:41 IST">
          <reporter-output>
          </reporter-output>
        </test-method> <!-- loginPageTitleTest -->
        <test-method status="PASS" signature="tearDown()[pri:0, instance:demoProject.LoginTest@a7e666]" name="tearDown" is-config="true" duration-ms="689" started-at="2022-03-17T11:56:41 IST" finished-at="2022-03-17T11:56:42 IST">
          <reporter-output>
          </reporter-output>
        </test-method> <!-- tearDown -->
        <test-method status="PASS" signature="setUp()[pri:0, instance:demoProject.LoginTest@a7e666]" name="setUp" is-config="true" duration-ms="11054" started-at="2022-03-17T11:56:42 IST" finished-at="2022-03-17T11:56:53 IST">
          <reporter-output>
          </reporter-output>
        </test-method> <!-- setUp -->
        <test-method status="PASS" signature="crmLogoImageTest()[pri:2, instance:demoProject.LoginTest@a7e666]" name="crmLogoImageTest" duration-ms="87" started-at="2022-03-17T11:56:53 IST" finished-at="2022-03-17T11:56:53 IST">
          <reporter-output>
          </reporter-output>
        </test-method> <!-- crmLogoImageTest -->
        <test-method status="PASS" signature="tearDown()[pri:0, instance:demoProject.LoginTest@a7e666]" name="tearDown" is-config="true" duration-ms="694" started-at="2022-03-17T11:56:53 IST" finished-at="2022-03-17T11:56:54 IST">
          <reporter-output>
          </reporter-output>
        </test-method> <!-- tearDown -->
      </class> <!-- demoProject.LoginTest -->
    </test> <!-- Docker Maven Test:  -->
  </suite> <!-- Docker Maven Test -->
</testng-results>
